<?xml version="1.0" encoding="UTF-8"?>
<beans xmlns="http://www.springframework.org/schema/beans"
	xmlns:xsi="http://www.w3.org/2001/XMLSchema-instance" xmlns:p="http://www.springframework.org/schema/p"
	xmlns:context="http://www.springframework.org/schema/context"
	xmlns:mvc="http://www.springframework.org/schema/mvc"
	xsi:schemaLocation="
    http://www.springframework.org/schema/beans
    http://www.springframework.org/schema/beans/spring-beans-3.0.xsd
    http://www.springframework.org/schema/context
    http://www.springframework.org/schema/context/spring-context-3.0.xsd
    http://www.springframework.org/schema/mvc
    http://www.springframework.org/schema/mvc/spring-mvc-3.0.xsd">

	<bean id="dataSource" class="org.springframework.jdbc.datasource.DriverManagerDataSource">
		<property name="driverClassName">
			<value>com.mysql.jdbc.Driver</value>
		</property>
		<property name="url">
			<value>jdbc:mysql://xxx.xxx.xxx.xxx:3306/test</value>
		</property>
		<property name="username">
			<value>xxxxx</value>
		</property>
		<property name="password">
			<value>xxxxx</value>
		</property>
	</bean>

	<bean id="wrappedDataSource" class="org.springframework.jdbc.datasource.LazyConnectionDataSourceProxy">
        <property name="targetDataSource" ref="dataSource" />
    </bean>

	<bean class="org.mybatis.spring.mapper.MapperScannerConfigurer">
		<property name="basePackage" value="com.peiliping.web.dao" />
	</bean>

	<bean id="sqlSessionFactory" class="org.mybatis.spring.SqlSessionFactoryBean">
		<property name="dataSource" ref="wrappedDataSource" />
		<property name="configLocation" value="classpath:mybatis-configuration.xml" />
		<property name="typeAliasesPackage" value="com.blueocn.tpm.server.entity" />
	</bean>
	
</beans>